<?xml version="1.0" encoding="UTF-8"?>
<robot generator="Robot 7.0 (Python 3.10.9 on win32)" generated="2024-01-28T12:55:48.106238" rpa="false" schemaversion="5">
<suite id="s1" name="Robot Framework" source="C:\Users\Lenovo\PycharmProjects\test\28012024\robot_framework.robot">
<test id="s1-t1" name="Test 1" line="11">
<kw name="Open Browser" owner="SeleniumLibrary">
<msg time="2024-01-28T12:55:48.506868" level="INFO">Opening browser 'chrome' to base url 'https://pl.wikipedia.org'.</msg>
<arg>https://pl.wikipedia.org</arg>
<arg>chrome</arg>
<doc>Opens a new browser instance to the optional ``url``.</doc>
<status status="PASS" start="2024-01-28T12:55:48.506868" elapsed="3.967217"/>
</kw>
<kw name="Wait Until Page Contains Element" owner="SeleniumLibrary">
<arg>id:pt-login-2</arg>
<arg>5</arg>
<doc>Waits until the element ``locator`` appears on the current page.</doc>
<status status="PASS" start="2024-01-28T12:55:52.475087" elapsed="0.099910"/>
</kw>
<kw name="Click Element" owner="SeleniumLibrary">
<msg time="2024-01-28T12:55:52.576986" level="INFO">Clicking element 'id:pt-login-2'.</msg>
<arg>id:pt-login-2</arg>
<doc>Click the element identified by ``locator``.</doc>
<status status="PASS" start="2024-01-28T12:55:52.575990" elapsed="1.108832"/>
</kw>
<kw name="Sleep" owner="BuiltIn">
<msg time="2024-01-28T12:55:54.697311" level="INFO">Slept 1 second.</msg>
<arg>1</arg>
<doc>Pauses the test executed for the given time.</doc>
<status status="PASS" start="2024-01-28T12:55:53.685820" elapsed="1.011491"/>
</kw>
<kw name="Close Browser" owner="SeleniumLibrary">
<doc>Closes the current browser.</doc>
<status status="PASS" start="2024-01-28T12:55:54.698279" elapsed="2.342210"/>
</kw>
<status status="PASS" start="2024-01-28T12:55:48.504873" elapsed="8.536615"/>
</test>
<status status="PASS" start="2024-01-28T12:55:48.109235" elapsed="8.935251"/>
</suite>
<statistics>
<total>
<stat pass="1" fail="0" skip="0">All Tests</stat>
</total>
<tag>
</tag>
<suite>
<stat pass="1" fail="0" skip="0" id="s1" name="Robot Framework">Robot Framework</stat>
</suite>
</statistics>
<errors>
</errors>
</robot>
